Using pre-set license
Built from '2020.3/staging' branch; Version is '2020.3.8f1 (507919d4fff5) revision 5273881'; Using compiler version '192528614'; Build Type 'Release'
OS: 'Windows 10 Pro; OS build 19043.1288; Version 2009; 64bit' Language: 'en' Physical Memory: 7640 MB
BatchMode: 1, IsHumanControllingUs: 0, StartBugReporterOnCrash: 0, Is64bit: 1, IsPro: 0

 COMMAND LINE ARGUMENTS:
C:\Program Files\Unity\Hub\Editor\2020.3.8f1\Editor\Unity.exe
-adb2
-batchMode
-noUpm
-name
AssetImportWorker0
-projectPath
C:/Users/apool/Documents/SheathScriptTest
-logFile
Logs/AssetImportWorker0.log
-srvPort
58053
Successfully changed project path to: C:/Users/apool/Documents/SheathScriptTest
C:/Users/apool/Documents/SheathScriptTest
Using Asset Import Pipeline V2.
Refreshing native plugins compatible for Editor in 79.85 ms, found 0 plugins.
Preloading 0 native plugins for Editor in 0.00 ms.
Initialize engine version: 2020.3.8f1 (507919d4fff5)
[Subsystems] Discovering subsystems at path C:/Program Files/Unity/Hub/Editor/2020.3.8f1/Editor/Data/Resources/UnitySubsystems
[Subsystems] Discovering subsystems at path C:/Users/apool/Documents/SheathScriptTest/Assets
GfxDevice: creating device client; threaded=0
Direct3D:
    Version:  Direct3D 11.0 [level 11.0]
    Renderer: Intel(R) HD Graphics 4000 (ID=0x162)
    Vendor:   
    VRAM:     480 MB
    Driver:   10.18.10.5161
Shader 'Universal Render Pipeline/Particles/Lit': fallback shader 'Universal Render Pipeline/Particles/SimpleLit' not found
Initialize mono
Mono path[0] = 'C:/Program Files/Unity/Hub/Editor/2020.3.8f1/Editor/Data/Managed'
Mono path[1] = 'C:/Program Files/Unity/Hub/Editor/2020.3.8f1/Editor/Data/MonoBleedingEdge/lib/mono/unityjit'
Mono config path = 'C:/Program Files/Unity/Hub/Editor/2020.3.8f1/Editor/Data/MonoBleedingEdge/etc'
Using monoOptions --debugger-agent=transport=dt_socket,embedding=1,server=y,suspend=n,address=127.0.0.1:56892
Begin MonoManager ReloadAssembly
Registering precompiled unity dll's ...
Register platform support module: C:/Program Files/Unity/Hub/Editor/2020.3.8f1/Editor/Data/PlaybackEngines/WindowsStandaloneSupport/UnityEditor.WindowsStandalone.Extensions.dll
Registered in 0.004302 seconds.
Native extension for WindowsStandalone target not found
Refreshing native plugins compatible for Editor in 77.86 ms, found 0 plugins.
Preloading 0 native plugins for Editor in 0.00 ms.
Mono: successfully reloaded assembly
- Completed reload, in  1.621 seconds
Platform modules already initialized, skipping
Registering precompiled user dll's ...
Registered in 0.003583 seconds.
Begin MonoManager ReloadAssembly
Native extension for WindowsStandalone target not found
Refreshing native plugins compatible for Editor in 78.09 ms, found 0 plugins.
Preloading 0 native plugins for Editor in 0.00 ms.
Mono: successfully reloaded assembly
- Completed reload, in  3.379 seconds
Platform modules already initialized, skipping
========================================================================
Worker process is ready to serve import requests
Shader 'Universal Render Pipeline/Particles/Lit': fallback shader 'Universal Render Pipeline/Particles/SimpleLit' not found
Launched and connected shader compiler UnityShaderCompiler.exe after 0.06 seconds
Refreshing native plugins compatible for Editor in 1.29 ms, found 0 plugins.
Preloading 0 native plugins for Editor in 0.00 ms.
Unloading 2798 Unused Serialized files (Serialized files now loaded: 0)
System memory in use before: 130.6 MB.
System memory in use after: 130.8 MB.

Unloading 12 unused Assets to reduce memory usage. Loaded Objects now: 3243.
Total: 3.978400 ms (FindLiveObjects: 0.478400 ms CreateObjectMapping: 0.302400 ms MarkObjects: 3.083800 ms  DeleteObjects: 0.111900 ms)

========================================================================
Received Import Request.
  path: Assets/Prefabs
  artifactKey: Guid(051c65ed07fa70345a512c176737b23f) Importer(815301076,1909f56bfc062723c751e8b465ee728b)
Start importing Assets/Prefabs using Guid(051c65ed07fa70345a512c176737b23f) Importer(815301076,1909f56bfc062723c751e8b465ee728b)  -> (artifact id: '6d9963a3115ef9653a5edda7e19f2f3a') in 0.008298 seconds
  Import took 0.013809 seconds .

========================================================================
Received Prepare
Registering precompiled user dll's ...
Registered in 0.003154 seconds.
Begin MonoManager ReloadAssembly
Native extension for WindowsStandalone target not found
Refreshing native plugins compatible for Editor in 0.80 ms, found 0 plugins.
Preloading 0 native plugins for Editor in 0.00 ms.
Mono: successfully reloaded assembly
- Completed reload, in  2.575 seconds
Platform modules already initialized, skipping
Shader 'Universal Render Pipeline/Particles/Lit': fallback shader 'Universal Render Pipeline/Particles/SimpleLit' not found
Refreshing native plugins compatible for Editor in 1.12 ms, found 0 plugins.
Preloading 0 native plugins for Editor in 0.00 ms.
Unloading 2683 Unused Serialized files (Serialized files now loaded: 0)
System memory in use before: 123.0 MB.
System memory in use after: 123.2 MB.

Unloading 7 unused Assets to reduce memory usage. Loaded Objects now: 3247.
Total: 3.660300 ms (FindLiveObjects: 0.570900 ms CreateObjectMapping: 0.306200 ms MarkObjects: 2.753900 ms  DeleteObjects: 0.027500 ms)

========================================================================
Received Import Request.
  Time since last request: 20.204956 seconds.
  path: Assets/Game/Test.cs
  artifactKey: Guid(5b0eee9eec3a3374ea858126253fe5e2) Importer(815301076,1909f56bfc062723c751e8b465ee728b)
Start importing Assets/Game/Test.cs using Guid(5b0eee9eec3a3374ea858126253fe5e2) Importer(815301076,1909f56bfc062723c751e8b465ee728b)  -> (artifact id: 'f1495afb5feccd690b965800b03bd4bc') in 0.042737 seconds
  Import took 0.048132 seconds .

========================================================================
Received Prepare
Registering precompiled user dll's ...
Registered in 0.004750 seconds.
Begin MonoManager ReloadAssembly
Native extension for WindowsStandalone target not found
Refreshing native plugins compatible for Editor in 0.71 ms, found 0 plugins.
Preloading 0 native plugins for Editor in 0.00 ms.
Mono: successfully reloaded assembly
- Completed reload, in  2.579 seconds
Platform modules already initialized, skipping
Shader 'Universal Render Pipeline/Particles/Lit': fallback shader 'Universal Render Pipeline/Particles/SimpleLit' not found
Refreshing native plugins compatible for Editor in 0.78 ms, found 0 plugins.
Preloading 0 native plugins for Editor in 0.00 ms.
Unloading 2683 Unused Serialized files (Serialized files now loaded: 0)
System memory in use before: 123.0 MB.
System memory in use after: 123.3 MB.

Unloading 7 unused Assets to reduce memory usage. Loaded Objects now: 3250.
Total: 3.263100 ms (FindLiveObjects: 0.376700 ms CreateObjectMapping: 0.257500 ms MarkObjects: 2.599200 ms  DeleteObjects: 0.028200 ms)

========================================================================
Received Import Request.
  Time since last request: 91.960571 seconds.
  path: Assets/Game/Test.cs
  artifactKey: Guid(5b0eee9eec3a3374ea858126253fe5e2) Importer(815301076,1909f56bfc062723c751e8b465ee728b)
Start importing Assets/Game/Test.cs using Guid(5b0eee9eec3a3374ea858126253fe5e2) Importer(815301076,1909f56bfc062723c751e8b465ee728b)  -> (artifact id: 'bb35c720eb34091f79cd7b6f03b79863') in 0.012710 seconds
  Import took 0.018660 seconds .

========================================================================
Received Prepare
Registering precompiled user dll's ...
Registered in 0.004038 seconds.
Begin MonoManager ReloadAssembly
Native extension for WindowsStandalone target not found
Refreshing native plugins compatible for Editor in 1.07 ms, found 0 plugins.
Preloading 0 native plugins for Editor in 0.00 ms.
Mono: successfully reloaded assembly
- Completed reload, in  3.501 seconds
Platform modules already initialized, skipping
Shader 'Universal Render Pipeline/Particles/Lit': fallback shader 'Universal Render Pipeline/Particles/SimpleLit' not found
Refreshing native plugins compatible for Editor in 1.18 ms, found 0 plugins.
Preloading 0 native plugins for Editor in 0.00 ms.
Unloading 2683 Unused Serialized files (Serialized files now loaded: 0)
System memory in use before: 123.2 MB.
System memory in use after: 123.4 MB.

Unloading 7 unused Assets to reduce memory usage. Loaded Objects now: 3253.
Total: 3.207000 ms (FindLiveObjects: 0.517100 ms CreateObjectMapping: 0.138800 ms MarkObjects: 2.513500 ms  DeleteObjects: 0.035500 ms)

AssetImportWorkerClient::OnTransportError - code=2 error=End of file
